1706188734486	geckodriver	INFO	Listening on 127.0.0.1:51421
1706188737552	mozrunner::runner	INFO	Running command: "C:\\Program Files\\Firefox Developer Edition\\firefox.exe" "--marionette" "--remote-debugging-port" "51422" ... "--remote-allow-hosts" "localhost" "-no-remote" "-profile" "C:\\Users\\ADMINI~1\\AppData\\Local\\Temp\\rust_mozprofileHm35Zb"
1706188761649	geckodriver	INFO	Listening on 127.0.0.1:51585
1706188764685	mozrunner::runner	INFO	Running command: "C:\\Program Files\\Firefox Developer Edition\\firefox.exe" "--marionette" "--remote-debugging-port" "51586" ... "--remote-allow-hosts" "localhost" "-no-remote" "-profile" "C:\\Users\\ADMINI~1\\AppData\\Local\\Temp\\rust_mozprofileyFFRCw"
console.warn: services.settings: Ignoring preference override of remote settings server
console.warn: services.settings: Allow by setting MOZ_REMOTE_SETTINGS_DEVTOOLS=1 in the environment
1706188766790	Marionette	INFO	Marionette enabled
Dynamically enable window occlusion 0
1706188767007	Marionette	INFO	Listening on port 51616
WebDriver BiDi listening on ws://127.0.0.1:51586
Read port: 51616
1706188767740	RemoteAgent	WARN	TLS certificate errors will be ignored for this session
[fluent] Missing message in locale id: places-forget-domain-data
[fluent] Missing message in locale id: identity-credential-policy-description
[fluent] Missing message in locale id: firefox-relay-offer-legal-notice
[fluent] Missing message in locale id: menu-history-search
[fluent] Missing message in locale id: menu-bookmarks-search
[fluent] Missing message in locale id: menu-report-broken-site
[fluent] Missing message in locale id: text-action-strip-on-share
[fluent] Missing message in locale id: unified-extensions-context-menu-move-widget-up
[fluent] Missing message in locale id: unified-extensions-context-menu-move-widget-down
DevTools listening on ws://127.0.0.1:51586/devtools/browser/655813f4-93d4-467f-b820-4c4d814c64be
console.warn: LoginRecipes: "Falling back to a synchronous message for: https://www.saucedemo.com."
console.warn: LoginRecipes: "Falling back to a synchronous message for: https://www.saucedemo.com."
1706188796826	addons.xpi	ERROR	System addon update list error SyntaxError: XMLHttpRequest.open: 'http://%(server)s/dummy-system-addons.xml' is not a valid URL.
1706188842709	Marionette	INFO	Stopped listening on port 51616
JavaScript warning: https://www.saucedemo.com/static/js/2.9b02e67e.chunk.js, line 2: Script terminated by timeout at:
_@https://www.saucedemo.com/static/js/2.9b02e67e.chunk.js:2:29258
t.default/o/</v.current<@https://www.saucedemo.com/static/js/2.9b02e67e.chunk.js:2:30482

Dynamically enable window occlusion 1
1706188961431	geckodriver	INFO	Listening on 127.0.0.1:51974
1706188964490	mozrunner::runner	INFO	Running command: "C:\\Program Files\\Firefox Developer Edition\\firefox.exe" "--marionette" "--remote-debugging-port" "51975" ... "--remote-allow-hosts" "localhost" "-no-remote" "-profile" "C:\\Users\\ADMINI~1\\AppData\\Local\\Temp\\rust_mozprofilePWrpi0"
console.warn: services.settings: Ignoring preference override of remote settings server
console.warn: services.settings: Allow by setting MOZ_REMOTE_SETTINGS_DEVTOOLS=1 in the environment
1706188965186	Marionette	INFO	Marionette enabled
Dynamically enable window occlusion 0
1706188965342	Marionette	INFO	Listening on port 51987
WebDriver BiDi listening on ws://127.0.0.1:51975
Read port: 51987
1706188965858	RemoteAgent	WARN	TLS certificate errors will be ignored for this session
[fluent] Missing message in locale id: places-forget-domain-data
[fluent] Missing message in locale id: identity-credential-policy-description
[fluent] Missing message in locale id: firefox-relay-offer-legal-notice
[fluent] Missing message in locale id: menu-history-search
[fluent] Missing message in locale id: menu-bookmarks-search
[fluent] Missing message in locale id: menu-report-broken-site
[fluent] Missing message in locale id: text-action-strip-on-share
[fluent] Missing message in locale id: unified-extensions-context-menu-move-widget-up
[fluent] Missing message in locale id: unified-extensions-context-menu-move-widget-down
DevTools listening on ws://127.0.0.1:51975/devtools/browser/48e01b3c-eda9-4965-80e4-fd6413ed7d46
console.warn: LoginRecipes: "Falling back to a synchronous message for: https://www.saucedemo.com."
console.warn: LoginRecipes: "Falling back to a synchronous message for: https://www.saucedemo.com."
1706188995213	addons.xpi	ERROR	System addon update list error SyntaxError: XMLHttpRequest.open: 'http://%(server)s/dummy-system-addons.xml' is not a valid URL.
1706189024730	Marionette	INFO	Stopped listening on port 51987
JavaScript warning: https://www.saucedemo.com/static/js/2.9b02e67e.chunk.js, line 2: Script terminated by timeout at:
_@https://www.saucedemo.com/static/js/2.9b02e67e.chunk.js:2:29258
t.default/o/</v.current<@https://www.saucedemo.com/static/js/2.9b02e67e.chunk.js:2:30482

Dynamically enable window occlusion 1
1706189255659	geckodriver	INFO	Listening on 127.0.0.1:52295
1706189258722	mozrunner::runner	INFO	Running command: "C:\\Program Files\\Firefox Developer Edition\\firefox.exe" "--marionette" "--remote-debugging-port" "52296" ... "--remote-allow-hosts" "localhost" "-no-remote" "-profile" "C:\\Users\\ADMINI~1\\AppData\\Local\\Temp\\rust_mozprofile1bRLsN"
console.warn: services.settings: Ignoring preference override of remote settings server
console.warn: services.settings: Allow by setting MOZ_REMOTE_SETTINGS_DEVTOOLS=1 in the environment
1706189259522	Marionette	INFO	Marionette enabled
Dynamically enable window occlusion 0
1706189259675	Marionette	INFO	Listening on port 52309
WebDriver BiDi listening on ws://127.0.0.1:52296
Read port: 52309
1706189260292	RemoteAgent	WARN	TLS certificate errors will be ignored for this session
[fluent] Missing message in locale id: places-forget-domain-data
[fluent] Missing message in locale id: identity-credential-policy-description
[fluent] Missing message in locale id: firefox-relay-offer-legal-notice
[fluent] Missing message in locale id: menu-history-search
[fluent] Missing message in locale id: menu-bookmarks-search
[fluent] Missing message in locale id: menu-report-broken-site
[fluent] Missing message in locale id: text-action-strip-on-share
[fluent] Missing message in locale id: unified-extensions-context-menu-move-widget-up
[fluent] Missing message in locale id: unified-extensions-context-menu-move-widget-down
DevTools listening on ws://127.0.0.1:52296/devtools/browser/be075684-4604-42d4-bc09-f377b02aa79b
console.warn: LoginRecipes: "Falling back to a synchronous message for: https://www.saucedemo.com."
console.warn: LoginRecipes: "Falling back to a synchronous message for: https://www.saucedemo.com."
1706189289861	addons.xpi	ERROR	System addon update list error SyntaxError: XMLHttpRequest.open: 'http://%(server)s/dummy-system-addons.xml' is not a valid URL.
1706189318830	Marionette	INFO	Stopped listening on port 52309
JavaScript warning: https://www.saucedemo.com/static/js/2.9b02e67e.chunk.js, line 2: Script terminated by timeout at:
_@https://www.saucedemo.com/static/js/2.9b02e67e.chunk.js:2:29258
t.default/o/</v.current<@https://www.saucedemo.com/static/js/2.9b02e67e.chunk.js:2:30482

Dynamically enable window occlusion 1
1706189816144	geckodriver	INFO	Listening on 127.0.0.1:52767
1706189819178	mozrunner::runner	INFO	Running command: "C:\\Program Files\\Firefox Developer Edition\\firefox.exe" "--marionette" "--remote-debugging-port" "52768" ... "--remote-allow-hosts" "localhost" "-no-remote" "-profile" "C:\\Users\\ADMINI~1\\AppData\\Local\\Temp\\rust_mozprofileMT9OEu"
console.warn: services.settings: Ignoring preference override of remote settings server
console.warn: services.settings: Allow by setting MOZ_REMOTE_SETTINGS_DEVTOOLS=1 in the environment
1706189820622	Marionette	INFO	Marionette enabled
Dynamically enable window occlusion 0
1706189820781	Marionette	INFO	Listening on port 52782
WebDriver BiDi listening on ws://127.0.0.1:52768
Read port: 52782
1706189821592	RemoteAgent	WARN	TLS certificate errors will be ignored for this session
[fluent] Missing message in locale id: places-forget-domain-data
[fluent] Missing message in locale id: identity-credential-policy-description
[fluent] Missing message in locale id: firefox-relay-offer-legal-notice
[fluent] Missing message in locale id: menu-history-search
[fluent] Missing message in locale id: menu-bookmarks-search
[fluent] Missing message in locale id: menu-report-broken-site
[fluent] Missing message in locale id: text-action-strip-on-share
[fluent] Missing message in locale id: unified-extensions-context-menu-move-widget-up
[fluent] Missing message in locale id: unified-extensions-context-menu-move-widget-down
DevTools listening on ws://127.0.0.1:52768/devtools/browser/d8362f8f-ae88-4b7f-b7f6-103c89751cca
console.warn: LoginRecipes: "Falling back to a synchronous message for: https://www.saucedemo.com."
console.warn: LoginRecipes: "Falling back to a synchronous message for: https://www.saucedemo.com."
1706189837850	Marionette	INFO	Stopped listening on port 52782
Dynamically enable window occlusion 1
1706189959553	geckodriver	INFO	Listening on 127.0.0.1:53007
1706189962581	mozrunner::runner	INFO	Running command: "C:\\Program Files\\Firefox Developer Edition\\firefox.exe" "--marionette" "--remote-debugging-port" "53008" ... "--remote-allow-hosts" "localhost" "-no-remote" "-profile" "C:\\Users\\ADMINI~1\\AppData\\Local\\Temp\\rust_mozprofilejmXFug"
console.warn: services.settings: Ignoring preference override of remote settings server
console.warn: services.settings: Allow by setting MOZ_REMOTE_SETTINGS_DEVTOOLS=1 in the environment
1706189963408	Marionette	INFO	Marionette enabled
Dynamically enable window occlusion 0
1706189963572	Marionette	INFO	Listening on port 53020
WebDriver BiDi listening on ws://127.0.0.1:53008
Read port: 53020
1706189964111	RemoteAgent	WARN	TLS certificate errors will be ignored for this session
[fluent] Missing message in locale id: places-forget-domain-data
[fluent] Missing message in locale id: identity-credential-policy-description
[fluent] Missing message in locale id: firefox-relay-offer-legal-notice
[fluent] Missing message in locale id: menu-history-search
[fluent] Missing message in locale id: menu-bookmarks-search
[fluent] Missing message in locale id: menu-report-broken-site
[fluent] Missing message in locale id: text-action-strip-on-share
[fluent] Missing message in locale id: unified-extensions-context-menu-move-widget-up
[fluent] Missing message in locale id: unified-extensions-context-menu-move-widget-down
DevTools listening on ws://127.0.0.1:53008/devtools/browser/284f1166-aee4-40de-8084-21778af757d1
console.warn: LoginRecipes: "Falling back to a synchronous message for: https://www.saucedemo.com."
console.warn: LoginRecipes: "Falling back to a synchronous message for: https://www.saucedemo.com."
1706189990025	Marionette	INFO	Stopped listening on port 53020
Dynamically enable window occlusion 1
1706190016058	geckodriver	INFO	Listening on 127.0.0.1:53229
1706190019096	mozrunner::runner	INFO	Running command: "C:\\Program Files\\Firefox Developer Edition\\firefox.exe" "--marionette" "--remote-debugging-port" "53230" ... "--remote-allow-hosts" "localhost" "-no-remote" "-profile" "C:\\Users\\ADMINI~1\\AppData\\Local\\Temp\\rust_mozprofileWwC4wv"
console.warn: services.settings: Ignoring preference override of remote settings server
console.warn: services.settings: Allow by setting MOZ_REMOTE_SETTINGS_DEVTOOLS=1 in the environment
1706190019953	Marionette	INFO	Marionette enabled
Dynamically enable window occlusion 0
1706190020149	Marionette	INFO	Listening on port 53255
WebDriver BiDi listening on ws://127.0.0.1:53230
Read port: 53255
1706190020745	RemoteAgent	WARN	TLS certificate errors will be ignored for this session
[fluent] Missing message in locale id: places-forget-domain-data
[fluent] Missing message in locale id: identity-credential-policy-description
[fluent] Missing message in locale id: firefox-relay-offer-legal-notice
[fluent] Missing message in locale id: menu-history-search
[fluent] Missing message in locale id: menu-bookmarks-search
[fluent] Missing message in locale id: menu-report-broken-site
[fluent] Missing message in locale id: text-action-strip-on-share
[fluent] Missing message in locale id: unified-extensions-context-menu-move-widget-up
[fluent] Missing message in locale id: unified-extensions-context-menu-move-widget-down
DevTools listening on ws://127.0.0.1:53230/devtools/browser/1f21773a-abc2-418f-8e91-8e0b0645736a
console.warn: LoginRecipes: "Falling back to a synchronous message for: https://www.saucedemo.com."
console.warn: LoginRecipes: "Falling back to a synchronous message for: https://www.saucedemo.com."
1706190036857	Marionette	INFO	Stopped listening on port 53255
Dynamically enable window occlusion 1
1706190192338	geckodriver	INFO	Listening on 127.0.0.1:53651
1706190195377	mozrunner::runner	INFO	Running command: "C:\\Program Files\\Firefox Developer Edition\\firefox.exe" "--marionette" "--remote-debugging-port" "53652" ... "--remote-allow-hosts" "localhost" "-no-remote" "-profile" "C:\\Users\\ADMINI~1\\AppData\\Local\\Temp\\rust_mozprofileBNKWP6"
console.warn: services.settings: Ignoring preference override of remote settings server
console.warn: services.settings: Allow by setting MOZ_REMOTE_SETTINGS_DEVTOOLS=1 in the environment
1706190196259	Marionette	INFO	Marionette enabled
Dynamically enable window occlusion 0
1706190196494	Marionette	INFO	Listening on port 53666
WebDriver BiDi listening on ws://127.0.0.1:53652
Read port: 53666
1706190197027	RemoteAgent	WARN	TLS certificate errors will be ignored for this session
[fluent] Missing message in locale id: places-forget-domain-data
[fluent] Missing message in locale id: identity-credential-policy-description
[fluent] Missing message in locale id: firefox-relay-offer-legal-notice
[fluent] Missing message in locale id: menu-history-search
[fluent] Missing message in locale id: menu-bookmarks-search
[fluent] Missing message in locale id: menu-report-broken-site
[fluent] Missing message in locale id: text-action-strip-on-share
[fluent] Missing message in locale id: unified-extensions-context-menu-move-widget-up
[fluent] Missing message in locale id: unified-extensions-context-menu-move-widget-down
DevTools listening on ws://127.0.0.1:53652/devtools/browser/97c9fbbe-bd21-4d65-b257-d04464705e3f
console.warn: LoginRecipes: "Falling back to a synchronous message for: https://www.saucedemo.com."
console.warn: LoginRecipes: "Falling back to a synchronous message for: https://www.saucedemo.com."
1706190226833	addons.xpi	ERROR	System addon update list error SyntaxError: XMLHttpRequest.open: 'http://%(server)s/dummy-system-addons.xml' is not a valid URL.
1706190256321	Marionette	INFO	Stopped listening on port 53666
JavaScript warning: https://www.saucedemo.com/static/js/2.9b02e67e.chunk.js, line 2: Script terminated by timeout at:
_@https://www.saucedemo.com/static/js/2.9b02e67e.chunk.js:2:29258
t.default/o/</v.current<@https://www.saucedemo.com/static/js/2.9b02e67e.chunk.js:2:30482

Dynamically enable window occlusion 1
console.error: RemoteSecuritySettings.jsm: 
  failed to download CRLite filter
  Message: TypeError: NetworkError: Network request failed
  Stack:
    fetch/</request.onerror@resource://services-settings/Utils.sys.mjs:236:26

console.error: RemoteSecuritySettings.jsm: 
  failed to download CRLite filter
  Message: TypeError: NetworkError: Network request failed
  Stack:
    fetch/</request.onerror@resource://services-settings/Utils.sys.mjs:236:26

console.error: RemoteSecuritySettings.jsm: 
  failed to download CRLite filter
  Message: TypeError: NetworkError: Network request failed
  Stack:
    fetch/</request.onerror@resource://services-settings/Utils.sys.mjs:236:26

console.error: RemoteSecuritySettings.jsm: 
  failed to download CRLite filter
  Message: TypeError: NetworkError: Network request failed
  Stack:
    fetch/</request.onerror@resource://services-settings/Utils.sys.mjs:236:26

console.error: RemoteSecuritySettings.jsm: 
  failed to download CRLite filter
  Message: TypeError: NetworkError: Network request failed
  Stack:
    fetch/</request.onerror@resource://services-settings/Utils.sys.mjs:236:26

console.error: RemoteSecuritySettings.jsm: 
  failed to download CRLite filter
  Message: TypeError: NetworkError: Network request failed
  Stack:
    fetch/</request.onerror@resource://services-settings/Utils.sys.mjs:236:26

console.error: RemoteSecuritySettings.jsm: 
  failed to download CRLite filter
  Message: TypeError: NetworkError: Network request failed
  Stack:
    fetch/</request.onerror@resource://services-settings/Utils.sys.mjs:236:26

